<?xml version="1.0" encoding="UTF-8"?>
<testsuite xmlns:xsi="http://www.w3.org/2001/XMLSchema-instance" xsi:noNamespaceSchemaLocation="https://maven.apache.org/surefire/maven-surefire-plugin/xsd/surefire-test-report.xsd" name="org.mps.deque.DoublyLinkedListDequeTest" time="0.041" tests="27" errors="0" skipped="0" failures="0">
  <properties>
[...]
</properties>
  <testcase name="crearUnaDoublyLinkedListDequeTamanoCero" classname="org.mps.deque.DoublyLinkedListDequeTest$CreadaDoublyLinkedListDeque" time="0"/>
  <testcase name="crearUnaDoublyLinkedListDequeFirst" classname="org.mps.deque.DoublyLinkedListDequeTest$CreadaDoublyLinkedListDeque" time="0"/>
  <testcase name="crearUnaDoublyLinkedListDeque" classname="org.mps.deque.DoublyLinkedListDequeTest$CreadaDoublyLinkedListDeque" time="0.001"/>
  <testcase name="crearUnaDoublyLinkedListDequeLast" classname="org.mps.deque.DoublyLinkedListDequeTest$CreadaDoublyLinkedListDeque" time="0.001"/>
  <testcase name="NoSePuedeOrdenarUnaListaVacia" classname="org.mps.deque.DoublyLinkedListDequeTest$CreadaDoublyLinkedListDeque$pruebasDeAcceso$pruebasSort" time="0.003"/>
  <testcase name="seOrdenaLaLista" classname="org.mps.deque.DoublyLinkedListDequeTest$CreadaDoublyLinkedListDeque$pruebasDeAcceso$pruebasSort" time="0"/>
  <testcase name="alEliminarSeDecrementaElTamano" classname="org.mps.deque.DoublyLinkedListDequeTest$CreadaDoublyLinkedListDeque$pruebasDeAcceso$pruebasRemove" time="0.001"/>
  <testcase name="correctamenteUnidos" classname="org.mps.deque.DoublyLinkedListDequeTest$CreadaDoublyLinkedListDeque$pruebasDeAcceso$pruebasRemove" time="0.001"/>
  <testcase name="EliminarEnUnaListaConSoloUnElemento" classname="org.mps.deque.DoublyLinkedListDequeTest$CreadaDoublyLinkedListDeque$pruebasDeAcceso$pruebasRemove" time="0"/>
  <testcase name="seEliminaUnElementoDeLaLista" classname="org.mps.deque.DoublyLinkedListDequeTest$CreadaDoublyLinkedListDeque$pruebasDeAcceso$pruebasRemove" time="0.002"/>
  <testcase name="EliminarEnUnaListaVacia" classname="org.mps.deque.DoublyLinkedListDequeTest$CreadaDoublyLinkedListDeque$pruebasDeAcceso$pruebasRemove" time="0.001"/>
  <testcase name="laListaNoContieneElElemento" classname="org.mps.deque.DoublyLinkedListDequeTest$CreadaDoublyLinkedListDeque$pruebasDeAcceso$pruebasContains" time="0"/>
  <testcase name="laListaContieneElElemento" classname="org.mps.deque.DoublyLinkedListDequeTest$CreadaDoublyLinkedListDeque$pruebasDeAcceso$pruebasContains" time="0.001"/>
  <testcase name="saltaExceptionAlAccederAUnTamanyoMayorEnUnaDoublyLinkedListDeque" classname="org.mps.deque.DoublyLinkedListDequeTest$CreadaDoublyLinkedListDeque$pruebasDeAcceso$pruebasGet" time="0.001"/>
  <testcase name="saltaExceptionAlAccederAUnaPosicionNegativarEnUnaDoublyLinkedListDeque" classname="org.mps.deque.DoublyLinkedListDequeTest$CreadaDoublyLinkedListDeque$pruebasDeAcceso$pruebasGet" time="0"/>
  <testcase name="conseguirElementoDeNodoEnUnaDoublyLinkedListDeque" classname="org.mps.deque.DoublyLinkedListDequeTest$CreadaDoublyLinkedListDeque$pruebasDeAcceso$pruebasGet" time="0.001"/>
  <testcase name="conseguirElementoDeNodoIntermedioEnUnaDoublyLinkedListDeque" classname="org.mps.deque.DoublyLinkedListDequeTest$CreadaDoublyLinkedListDeque$pruebasDeAcceso$pruebasGet" time="0.001"/>
  <testcase name="deletingLastThenLastIsNull" classname="org.mps.deque.DoublyLinkedListDequeTest$CreadaDoublyLinkedListDeque$AnyadirNodoADoublyLinkedListDeque$eliminarNodoDeDoublyLinkedListDeque$deletingFromEndDoublyLinkedListDeque" time="0"/>
  <testcase name="deletingLastThenSizeDecrease" classname="org.mps.deque.DoublyLinkedListDequeTest$CreadaDoublyLinkedListDeque$AnyadirNodoADoublyLinkedListDeque$eliminarNodoDeDoublyLinkedListDeque$deletingFromEndDoublyLinkedListDeque" time="0"/>
  <testcase name="deletingFirstThenFirstIsNull" classname="org.mps.deque.DoublyLinkedListDequeTest$CreadaDoublyLinkedListDeque$AnyadirNodoADoublyLinkedListDeque$eliminarNodoDeDoublyLinkedListDeque$deletingFromStartDoublyLinkedListDeque" time="0"/>
  <testcase name="deletingFirstThenSizeIsDecreased" classname="org.mps.deque.DoublyLinkedListDequeTest$CreadaDoublyLinkedListDeque$AnyadirNodoADoublyLinkedListDeque$eliminarNodoDeDoublyLinkedListDeque$deletingFromStartDoublyLinkedListDeque" time="0"/>
  <testcase name="anyadirLastNoEsNullADoublyLinkedListDeque" classname="org.mps.deque.DoublyLinkedListDequeTest$CreadaDoublyLinkedListDeque$AnyadirNodoADoublyLinkedListDeque$AnyadirPorElFinalADoublyLinkedListDeque" time="0.001"/>
  <testcase name="anyadirNodoPorElFinalADoublyLinkedListDeque" classname="org.mps.deque.DoublyLinkedListDequeTest$CreadaDoublyLinkedListDeque$AnyadirNodoADoublyLinkedListDeque$AnyadirPorElFinalADoublyLinkedListDeque" time="0"/>
  <testcase name="tamanyoEsIncrementadoFinalDoublyLinkedListDeque" classname="org.mps.deque.DoublyLinkedListDequeTest$CreadaDoublyLinkedListDeque$AnyadirNodoADoublyLinkedListDeque$AnyadirPorElFinalADoublyLinkedListDeque" time="0.001"/>
  <testcase name="tamanyoEsIncrementadoInicioDoublyLinkedListDeque" classname="org.mps.deque.DoublyLinkedListDequeTest$CreadaDoublyLinkedListDeque$AnyadirNodoADoublyLinkedListDeque$AnyadirPorElInicioADoublyLinkedListDeque" time="0"/>
  <testcase name="anyadirFirstNoEsNullADoublyLinkedListDeque" classname="org.mps.deque.DoublyLinkedListDequeTest$CreadaDoublyLinkedListDeque$AnyadirNodoADoublyLinkedListDeque$AnyadirPorElInicioADoublyLinkedListDeque" time="0"/>
  <testcase name="anyadirNodoPorElInicioADoublyLinkedListDeque" classname="org.mps.deque.DoublyLinkedListDequeTest$CreadaDoublyLinkedListDeque$AnyadirNodoADoublyLinkedListDeque$AnyadirPorElInicioADoublyLinkedListDeque" time="0.001"/>
</testsuite>